{"name": "login Test", "status": "broken", "statusDetails": {"message": "selenium.common.exceptions.TimeoutException: Message:", "trace": "self = <tests.test_login.TestLogin object at 0x104415660>\n\n    @allure.description(\"login test\")\n    @allure.title(\"login Test\")\n    @pytest.mark.run()\n    def test_valid_login(self):\n        config_parser = ConfigParserIni(\"props.ini\")\n    \n        username = config_parser.config_section_dict(\"AUT\").get(\"username\")\n        password = config_parser.config_section_dict(\"AUT\").get(\"password\")\n        #\n        # self.pages['login_page'].wait_until_page_loaded()\n        # self.pages['login_page'].click_profile_icon()\n        # self.pages['login_page'].enter_fullname(username)\n        # self.pages['login_page'].click_next()\n        # self.pages['login_page'].click_enter_password(password)\n        # self.pages['login_page'].click_confirm_button()\n        # self.pages['login_page'].capture_login_modele()\n        loginpage = LoginPage(self.driver)\n        loginpage.wait_until_page_loaded()\n        loginpage.click_profile_icon()\n>       loginpage.enter_fullname(username)\n\ntests/test_login.py:33: \n_ _ _ _ _ _ _ _ _ _ _ _ _ _ _ _ _ _ _ _ _ _ _ _ _ _ _ _ _ _ _ _ _ _ _ _ _ _ _ _ _ _ _ _ _ _ _ _ _ _ _ _ _ _ _ _ _ _ _ _ _ _ _ _ _ _ _ _ _ _ _ _ _ _ _ _ _ _ _ _ _ _ _ _ _ _\npages/login_page.py:26: in enter_fullname\n    self.click(self.input_mobile)\npages/base_page.py:13: in click\n    el = self._wait.until(expected_conditions.element_to_be_clickable(webelement))\n_ _ _ _ _ _ _ _ _ _ _ _ _ _ _ _ _ _ _ _ _ _ _ _ _ _ _ _ _ _ _ _ _ _ _ _ _ _ _ _ _ _ _ _ _ _ _ _ _ _ _ _ _ _ _ _ _ _ _ _ _ _ _ _ _ _ _ _ _ _ _ _ _ _ _ _ _ _ _ _ _ _ _ _ _ _\n\nself = <selenium.webdriver.support.wait.WebDriverWait (session=\"2fe53992-f5f0-4710-be09-94f079a4cab6\")>\nmethod = <selenium.webdriver.support.expected_conditions.element_to_be_clickable object at 0x104498a30>, message = ''\n\n    def until(self, method, message=''):\n        \"\"\"Calls the method provided with the driver as an argument until the \\\n        return value is not False.\"\"\"\n        screen = None\n        stacktrace = None\n    \n        end_time = time.time() + self._timeout\n        while True:\n            try:\n                value = method(self._driver)\n                if value:\n                    return value\n            except self._ignored_exceptions as exc:\n                screen = getattr(exc, 'screen', None)\n                stacktrace = getattr(exc, 'stacktrace', None)\n            time.sleep(self._poll)\n            if time.time() > end_time:\n                break\n>       raise TimeoutException(message, screen, stacktrace)\nE       selenium.common.exceptions.TimeoutException: Message:\n\n.venv/lib/python3.10/site-packages/selenium/webdriver/support/wait.py:80: TimeoutException"}, "description": "login test", "steps": [{"name": "Click on profile icon", "status": "passed", "start": 1737728349349, "stop": 1737728349629}, {"name": "Enter mobile", "status": "broken", "statusDetails": {"message": "selenium.common.exceptions.TimeoutException: Message: \n\n", "trace": "  File \"/Users/mohsenakbari/Downloads/Python-Selenium-Pytest-main/.venv/lib/python3.10/site-packages/allure_commons/_allure.py\", line 157, in impl\n    return func(*a, **kw)\n  File \"/Users/mohsenakbari/Downloads/Python-Selenium-Pytest-main/pages/login_page.py\", line 26, in enter_fullname\n    self.click(self.input_mobile)\n  File \"/Users/mohsenakbari/Downloads/Python-Selenium-Pytest-main/pages/base_page.py\", line 13, in click\n    el = self._wait.until(expected_conditions.element_to_be_clickable(webelement))\n  File \"/Users/mohsenakbari/Downloads/Python-Selenium-Pytest-main/.venv/lib/python3.10/site-packages/selenium/webdriver/support/wait.py\", line 80, in until\n    raise TimeoutException(message, screen, stacktrace)\n"}, "parameters": [{"name": "username", "value": "'09333974776'"}], "start": 1737728349629, "stop": 1737728360661}], "attachments": [{"name": "log", "source": "3f1df8fe-2f13-45c8-b6c4-e4ac7dd3b38c-attachment.txt", "type": "text/plain"}, {"name": "stderr", "source": "ecef2f62-6dc8-497c-805e-0aeabf988b33-attachment.txt", "type": "text/plain"}], "start": 1737728349347, "stop": 1737728360669, "uuid": "03c65fa2-df04-4031-8181-f2a31a2a882b", "historyId": "38ab8f45abf666d426f8eaf42b1feac7", "testCaseId": "e7f254b9bfd5f2bc8d4a1ffa6dc7aebb", "fullName": "tests.test_login.TestLogin#test_valid_login", "labels": [{"name": "severity", "value": "blocker"}, {"name": "story", "value": "login Feature Functionality"}, {"name": "epic", "value": "login"}, {"name": "tag", "value": "run"}, {"name": "parentSuite", "value": "tests"}, {"name": "suite", "value": "test_login"}, {"name": "subSuite", "value": "TestLogin"}, {"name": "host", "value": "Mohsens-MacBook-Air.local"}, {"name": "thread", "value": "56912-MainThread"}, {"name": "framework", "value": "pytest"}, {"name": "language", "value": "cpython3"}, {"name": "package", "value": "tests.test_login"}]}