{"name": "login Test", "status": "broken", "statusDetails": {"message": "selenium.common.exceptions.TimeoutException: Message:", "trace": "self = <tests.test_login.TestLogin object at 0x1042f8fd0>\n\n    @allure.description(\"login test\")\n    @allure.title(\"login Test\")\n    @pytest.mark.run()\n    def test_valid_login(self):\n        config_parser = ConfigParserIni(\"props.ini\")\n    \n        username = config_parser.config_section_dict(\"AUT\").get(\"username\")\n        print(username)\n        password = config_parser.config_section_dict(\"AUT\").get(\"password\")\n        print(password)\n    \n        loginpage = LoginPage(self.driver)\n        loginpage.wait_until_page_loaded()\n        loginpage.click_profile_icon()\n        loginpage.wait_until_page_loaded()\n        loginpage.enter_fullname(username)\n        loginpage.click_next()\n        loginpage.wait_until_page_loaded()\n    \n>       loginpage.enter_passcode(password)\n\ntests/test_login.py:33: \n_ _ _ _ _ _ _ _ _ _ _ _ _ _ _ _ _ _ _ _ _ _ _ _ _ _ _ _ _ _ _ _ _ _ _ _ _ _ _ _ _ _ _ _ _ _ _ _ _ _ _ _ _ _ _ _ _ _ _ _ _ _ _ _ _ _ _ _ _ _ _ _ _ _ _ _ _ _ _ _ _ _ _ _ _ _\npages/login_page.py:36: in enter_passcode\n    self.fill_text(self.enter_password, password)\npages/base_page.py:18: in fill_text\n    el = self._wait.until(expected_conditions.element_to_be_clickable(webelement))\n_ _ _ _ _ _ _ _ _ _ _ _ _ _ _ _ _ _ _ _ _ _ _ _ _ _ _ _ _ _ _ _ _ _ _ _ _ _ _ _ _ _ _ _ _ _ _ _ _ _ _ _ _ _ _ _ _ _ _ _ _ _ _ _ _ _ _ _ _ _ _ _ _ _ _ _ _ _ _ _ _ _ _ _ _ _\n\nself = <selenium.webdriver.support.wait.WebDriverWait (session=\"4c8832c1-4ad4-40fc-bdf6-1ef887d1ac4c\")>\nmethod = <selenium.webdriver.support.expected_conditions.element_to_be_clickable object at 0x10431f820>, message = ''\n\n    def until(self, method, message=''):\n        \"\"\"Calls the method provided with the driver as an argument until the \\\n        return value is not False.\"\"\"\n        screen = None\n        stacktrace = None\n    \n        end_time = time.time() + self._timeout\n        while True:\n            try:\n                value = method(self._driver)\n                if value:\n                    return value\n            except self._ignored_exceptions as exc:\n                screen = getattr(exc, 'screen', None)\n                stacktrace = getattr(exc, 'stacktrace', None)\n            time.sleep(self._poll)\n            if time.time() > end_time:\n                break\n>       raise TimeoutException(message, screen, stacktrace)\nE       selenium.common.exceptions.TimeoutException: Message:\n\n.venv/lib/python3.10/site-packages/selenium/webdriver/support/wait.py:80: TimeoutException"}, "description": "login test", "steps": [{"name": "Click on profile icon", "status": "passed", "start": 1737744413877, "stop": 1737744414808}, {"name": "Enter mobile", "status": "passed", "parameters": [{"name": "username", "value": "'09333974776'"}], "start": 1737744414808, "stop": 1737744415086}, {"name": "Click Next", "status": "passed", "start": 1737744415086, "stop": 1737744418417}, {"name": "enter password", "status": "broken", "statusDetails": {"message": "selenium.common.exceptions.TimeoutException: Message: \n\n", "trace": "  File \"/Users/mohsenakbari/Downloads/Python-Selenium-Pytest-main/.venv/lib/python3.10/site-packages/allure_commons/_allure.py\", line 157, in impl\n    return func(*a, **kw)\n  File \"/Users/mohsenakbari/Downloads/Python-Selenium-Pytest-main/pages/login_page.py\", line 36, in enter_passcode\n    self.fill_text(self.enter_password, password)\n  File \"/Users/mohsenakbari/Downloads/Python-Selenium-Pytest-main/pages/base_page.py\", line 18, in fill_text\n    el = self._wait.until(expected_conditions.element_to_be_clickable(webelement))\n  File \"/Users/mohsenakbari/Downloads/Python-Selenium-Pytest-main/.venv/lib/python3.10/site-packages/selenium/webdriver/support/wait.py\", line 80, in until\n    raise TimeoutException(message, screen, stacktrace)\n"}, "parameters": [{"name": "password", "value": "'@Moak564865'"}], "start": 1737744418418, "stop": 1737744429449}], "attachments": [{"name": "log", "source": "18607a39-52d3-455a-a86d-b4f0adc84fb8-attachment.txt", "type": "text/plain"}, {"name": "stdout", "source": "b6ba980b-04a2-4fc7-a866-fbc1aaa3c0a0-attachment.txt", "type": "text/plain"}, {"name": "stderr", "source": "b82afa21-a5c3-4f69-bae5-24d4aa4f2f65-attachment.txt", "type": "text/plain"}], "start": 1737744413874, "stop": 1737744429457, "uuid": "72fa6427-bdbf-42de-ae8a-7202a8e91347", "historyId": "38ab8f45abf666d426f8eaf42b1feac7", "testCaseId": "e7f254b9bfd5f2bc8d4a1ffa6dc7aebb", "fullName": "tests.test_login.TestLogin#test_valid_login", "labels": [{"name": "epic", "value": "login"}, {"name": "severity", "value": "blocker"}, {"name": "story", "value": "login Feature Functionality"}, {"name": "tag", "value": "run"}, {"name": "parentSuite", "value": "tests"}, {"name": "suite", "value": "test_login"}, {"name": "subSuite", "value": "TestLogin"}, {"name": "host", "value": "Mohsens-MacBook-Air.local"}, {"name": "thread", "value": "64525-MainThread"}, {"name": "framework", "value": "pytest"}, {"name": "language", "value": "cpython3"}, {"name": "package", "value": "tests.test_login"}]}